<?xml version="1.0" encoding="UTF-8"?>
<testng-results ignored="0" total="1" passed="1" failed="0" skipped="0">
  <reporter-output>
  </reporter-output>
  <suite started-at="2022-01-09T12:44:06 GMT" name="Default suite" finished-at="2022-01-09T12:44:08 GMT" duration-ms="2166">
    <groups>
    </groups>
    <test started-at="2022-01-09T12:44:06 GMT" name="Default test" finished-at="2022-01-09T12:44:08 GMT" duration-ms="2166">
      <class name="Tests.GetandPostExamples">
        <test-method signature="testPost()[pri:0, instance:Tests.GetandPostExamples@247d8ae]" started-at="2022-01-09T12:44:06 GMT" name="testPost" finished-at="2022-01-09T12:44:08 GMT" duration-ms="2119" status="PASS">
          <reporter-output>
          </reporter-output>
        </test-method> <!-- testPost -->
      </class> <!-- Tests.GetandPostExamples -->
    </test> <!-- Default test -->
  </suite> <!-- Default suite -->
</testng-results>
